<?xml version="1.0" encoding="UTF-8" ?>
<testsuite tests="5" failures="0" name="cn.vport.training.DaoTest" time="0.437" errors="1" skipped="0">
  <properties>
    <property name="java.runtime.name" value="Java(TM) SE Runtime Environment"/>
    <property name="sun.boot.library.path" value="D:\Program Files\Java\jdk1.8.0_144\jre\bin"/>
    <property name="java.vm.version" value="25.144-b01"/>
    <property name="java.vm.vendor" value="Oracle Corporation"/>
    <property name="maven.multiModuleProjectDirectory" value="$M2_HOME"/>
    <property name="java.vendor.url" value="http://java.oracle.com/"/>
    <property name="path.separator" value=";"/>
    <property name="guice.disable.misplaced.annotation.check" value="true"/>
    <property name="java.vm.name" value="Java HotSpot(TM) 64-Bit Server VM"/>
    <property name="file.encoding.pkg" value="sun.io"/>
    <property name="user.script" value=""/>
    <property name="user.country" value="CN"/>
    <property name="sun.java.launcher" value="SUN_STANDARD"/>
    <property name="sun.os.patch.level" value="Service Pack 1"/>
    <property name="java.vm.specification.name" value="Java Virtual Machine Specification"/>
    <property name="user.dir" value="E:\BOS_project\vport-BG\vport_back_end\vport_management"/>
    <property name="java.runtime.version" value="1.8.0_144-b01"/>
    <property name="java.awt.graphicsenv" value="sun.awt.Win32GraphicsEnvironment"/>
    <property name="java.endorsed.dirs" value="D:\Program Files\Java\jdk1.8.0_144\jre\lib\endorsed"/>
    <property name="os.arch" value="amd64"/>
    <property name="java.io.tmpdir" value="C:\Users\ADMINI~1\AppData\Local\Temp\"/>
    <property name="line.separator" value="
"/>
    <property name="java.vm.specification.vendor" value="Oracle Corporation"/>
    <property name="user.variant" value=""/>
    <property name="os.name" value="Windows 7"/>
    <property name="classworlds.conf" value="E:\BOS_project\.metadata\.plugins\org.eclipse.m2e.launching\launches\m2conf7705257011335357102.tmp"/>
    <property name="sun.jnu.encoding" value="GBK"/>
    <property name="java.library.path" value="D:\Program Files\Java\jdk1.8.0_144\bin;C:\Windows\Sun\Java\bin;C:\Windows\system32;C:\Windows;D:/Program Files/Java/jdk1.8.0_144/bin/../jre/bin/server;D:/Program Files/Java/jdk1.8.0_144/bin/../jre/bin;D:/Program Files/Java/jdk1.8.0_144/bin/../jre/lib/amd64;D:\oracle11g\app\oracle\product\11.2.0\server\bin;;D:\Program Files\Java\jdk1.8.0_144;D:\Program Files\Python36;D:\Program Files\Java\jdk1.8.0_144\bin;D:\Program Files (x86)\Brackets\command;D:\Program Files\Python36\Scripts;D:\Program Files\mysql-5.6.38-winx64 \bin;D:\Program Files\Graphviz2.38\bin;C:\Windows\system32;C:\Windows;C:\Windows\system32\wbem;D:\Program Files\hadoop\hadoop-2.7.2\bin;D:\graphviz-2.38\bin;D:\Program Files (x86)\scala\bin;D:\Program Files (x86)\scala\bin;D:\Program Files (x86)\scala\jre\bin;C:\Program Files (x86)\Windows Kits\8.1\Windows Performance Toolkit\;D:\Program Files\Git\cmd;D:\Program Files\nodejs\;D:\Program Files\TortoiseGit\bin;D:\Program Files\nodejs\node_global;D:\sts-bundle\sts-3.6.3.SR1;;."/>
    <property name="java.specification.name" value="Java Platform API Specification"/>
    <property name="java.class.version" value="52.0"/>
    <property name="sun.management.compiler" value="HotSpot 64-Bit Tiered Compilers"/>
    <property name="os.version" value="6.1"/>
    <property name="user.home" value="C:\Users\Administrator"/>
    <property name="user.timezone" value="Asia/Shanghai"/>
    <property name="java.awt.printerjob" value="sun.awt.windows.WPrinterJob"/>
    <property name="java.specification.version" value="1.8"/>
    <property name="file.encoding" value="UTF-8"/>
    <property name="user.name" value="Administrator"/>
    <property name="java.class.path" value="D:\apache-maven-3.3.9\boot\plexus-classworlds-2.5.2.jar"/>
    <property name="java.vm.specification.version" value="1.8"/>
    <property name="sun.arch.data.model" value="64"/>
    <property name="java.home" value="D:\Program Files\Java\jdk1.8.0_144\jre"/>
    <property name="sun.java.command" value="org.codehaus.plexus.classworlds.launcher.Launcher -B install"/>
    <property name="java.specification.vendor" value="Oracle Corporation"/>
    <property name="user.language" value="zh"/>
    <property name="awt.toolkit" value="sun.awt.windows.WToolkit"/>
    <property name="java.vm.info" value="mixed mode"/>
    <property name="java.version" value="1.8.0_144"/>
    <property name="java.ext.dirs" value="D:\Program Files\Java\jdk1.8.0_144\jre\lib\ext;C:\Windows\Sun\Java\lib\ext"/>
    <property name="sun.boot.class.path" value="D:\Program Files\Java\jdk1.8.0_144\jre\lib\resources.jar;D:\Program Files\Java\jdk1.8.0_144\jre\lib\rt.jar;D:\Program Files\Java\jdk1.8.0_144\jre\lib\sunrsasign.jar;D:\Program Files\Java\jdk1.8.0_144\jre\lib\jsse.jar;D:\Program Files\Java\jdk1.8.0_144\jre\lib\jce.jar;D:\Program Files\Java\jdk1.8.0_144\jre\lib\charsets.jar;D:\Program Files\Java\jdk1.8.0_144\jre\lib\jfr.jar;D:\Program Files\Java\jdk1.8.0_144\jre\classes"/>
    <property name="java.vendor" value="Oracle Corporation"/>
    <property name="maven.home" value="D:\apache-maven-3.3.9"/>
    <property name="file.separator" value="\"/>
    <property name="java.vendor.url.bug" value="http://bugreport.sun.com/bugreport/"/>
    <property name="sun.cpu.endian" value="little"/>
    <property name="sun.io.unicode.encoding" value="UnicodeLittle"/>
    <property name="sun.desktop" value="windows"/>
    <property name="sun.cpu.isalist" value="amd64"/>
  </properties>
  <testcase classname="cn.vport.training.DaoTest" name="savePlan" time="0.216"/>
  <testcase classname="cn.vport.training.DaoTest" name="saveTrainingContent" time="0.001"/>
  <testcase classname="cn.vport.training.DaoTest" name="find" time="0.173">
    <error message="failed to lazily initialize a collection of role: cn.vport.domain.training.TrainingPlan.physicalPlans, could not initialize proxy - no Session" type="org.hibernate.LazyInitializationException">org.hibernate.LazyInitializationException: failed to lazily initialize a collection of role: cn.vport.domain.training.TrainingPlan.physicalPlans, could not initialize proxy - no Session
	at org.hibernate.collection.internal.AbstractPersistentCollection.throwLazyInitializationException(AbstractPersistentCollection.java:563)
	at org.hibernate.collection.internal.AbstractPersistentCollection.withTemporarySessionIfNeeded(AbstractPersistentCollection.java:205)
	at org.hibernate.collection.internal.AbstractPersistentCollection.initialize(AbstractPersistentCollection.java:542)
	at org.hibernate.collection.internal.AbstractPersistentCollection.read(AbstractPersistentCollection.java:133)
	at org.hibernate.collection.internal.PersistentSet.iterator(PersistentSet.java:163)
	at cn.vport.training.DaoTest.find(DaoTest.java:93)
	at sun.reflect.NativeMethodAccessorImpl.invoke0(Native Method)
	at sun.reflect.NativeMethodAccessorImpl.invoke(NativeMethodAccessorImpl.java:62)
	at sun.reflect.DelegatingMethodAccessorImpl.invoke(DelegatingMethodAccessorImpl.java:43)
	at java.lang.reflect.Method.invoke(Method.java:498)
	at org.junit.runners.model.FrameworkMethod$1.runReflectiveCall(FrameworkMethod.java:47)
	at org.junit.internal.runners.model.ReflectiveCallable.run(ReflectiveCallable.java:12)
	at org.junit.runners.model.FrameworkMethod.invokeExplosively(FrameworkMethod.java:44)
	at org.junit.internal.runners.statements.InvokeMethod.evaluate(InvokeMethod.java:17)
	at org.springframework.test.context.junit4.statements.RunBeforeTestMethodCallbacks.evaluate(RunBeforeTestMethodCallbacks.java:75)
	at org.springframework.test.context.junit4.statements.RunAfterTestMethodCallbacks.evaluate(RunAfterTestMethodCallbacks.java:86)
	at org.springframework.test.context.junit4.statements.SpringRepeat.evaluate(SpringRepeat.java:84)
	at org.junit.runners.ParentRunner.runLeaf(ParentRunner.java:271)
	at org.springframework.test.context.junit4.SpringJUnit4ClassRunner.runChild(SpringJUnit4ClassRunner.java:254)
	at org.springframework.test.context.junit4.SpringJUnit4ClassRunner.runChild(SpringJUnit4ClassRunner.java:89)
	at org.junit.runners.ParentRunner$3.run(ParentRunner.java:238)
	at org.junit.runners.ParentRunner$1.schedule(ParentRunner.java:63)
	at org.junit.runners.ParentRunner.runChildren(ParentRunner.java:236)
	at org.junit.runners.ParentRunner.access$000(ParentRunner.java:53)
	at org.junit.runners.ParentRunner$2.evaluate(ParentRunner.java:229)
	at org.springframework.test.context.junit4.statements.RunBeforeTestClassCallbacks.evaluate(RunBeforeTestClassCallbacks.java:61)
	at org.springframework.test.context.junit4.statements.RunAfterTestClassCallbacks.evaluate(RunAfterTestClassCallbacks.java:70)
	at org.junit.runners.ParentRunner.run(ParentRunner.java:309)
	at org.springframework.test.context.junit4.SpringJUnit4ClassRunner.run(SpringJUnit4ClassRunner.java:193)
	at org.apache.maven.surefire.junit4.JUnit4Provider.execute(JUnit4Provider.java:252)
	at org.apache.maven.surefire.junit4.JUnit4Provider.executeTestSet(JUnit4Provider.java:141)
	at org.apache.maven.surefire.junit4.JUnit4Provider.invoke(JUnit4Provider.java:112)
	at sun.reflect.NativeMethodAccessorImpl.invoke0(Native Method)
	at sun.reflect.NativeMethodAccessorImpl.invoke(NativeMethodAccessorImpl.java:62)
	at sun.reflect.DelegatingMethodAccessorImpl.invoke(DelegatingMethodAccessorImpl.java:43)
	at java.lang.reflect.Method.invoke(Method.java:498)
	at org.apache.maven.surefire.util.ReflectionUtils.invokeMethodWithArray(ReflectionUtils.java:189)
	at org.apache.maven.surefire.booter.ProviderFactory$ProviderProxy.invoke(ProviderFactory.java:165)
	at org.apache.maven.surefire.booter.ProviderFactory.invokeProvider(ProviderFactory.java:85)
	at org.apache.maven.surefire.booter.ForkedBooter.runSuitesInProcess(ForkedBooter.java:115)
	at org.apache.maven.surefire.booter.ForkedBooter.main(ForkedBooter.java:75)
</error>
    <system-out>19:28:22,922  INFO QueryTranslatorFactoryInitiator:47 - HHH000397: Using ASTQueryTranslatorFactory
Hibernate: select trainingpl0_.C_ID as C_ID1_10_, trainingpl0_.C_CREATE_TIME as C_CREATE_TIME2_10_, trainingpl0_.C_STATUS as C_STATUS3_10_, trainingpl0_.C_TRAINING_CLASS_ID as C_TRAINING_CLASS_I7_10_, trainingpl0_.C_TRAINING_DATE as C_TRAINING_DATE4_10_, trainingpl0_.C_TRAINING_LOCATION as C_TRAINING_LOCATIO5_10_, trainingpl0_.C_UPDATE_TIME as C_UPDATE_TIME6_10_ from T_TRAINING_PLAN trainingpl0_
Hibernate: select trainingcl0_.C_ID as C_ID1_8_0_, trainingcl0_.C_COURSE_ID as C_COURSE_ID7_8_0_, trainingcl0_.C_DEADLINE as C_DEADLINE2_8_0_, trainingcl0_.C_START_TIME as C_START_TIME3_8_0_, trainingcl0_.C_STATUS as C_STATUS4_8_0_, trainingcl0_.C_TRAINING_FREQUENT as C_TRAINING_FREQUEN5_8_0_, trainingcl0_.C_TRAINING_TIME as C_TRAINING_TIME6_8_0_, course1_.C_ID as C_ID1_3_1_, course1_.C_BEGIN_AGE as C_BEGIN_AGE2_3_1_, course1_.C_COURSE_NAME as C_COURSE_NAME3_3_1_, course1_.C_END_AGE as C_END_AGE4_3_1_, course1_.C_FEE as C_FEE5_3_1_, course1_.C_LEVEL as C_LEVEL6_3_1_, course1_.C_PIC_URL as C_PIC_URL7_3_1_, course1_.C_TRAINING_PERIOD as C_TRAINING_PERIOD8_3_1_ from T_TRAINING_CLASS trainingcl0_ left outer join T_COURSE course1_ on trainingcl0_.C_COURSE_ID=course1_.C_ID where trainingcl0_.C_ID=?
19:28:23,072  INFO StatisticalLoggingSessionEventListener:258 - Session Metrics {
    31570 nanoseconds spent acquiring 1 JDBC connections;
    0 nanoseconds spent releasing 0 JDBC connections;
    168513 nanoseconds spent preparing 2 JDBC statements;
    2291768 nanoseconds spent executing 2 JDBC statements;
    0 nanoseconds spent executing 0 JDBC batches;
    0 nanoseconds spent performing 0 L2C puts;
    0 nanoseconds spent performing 0 L2C hits;
    0 nanoseconds spent performing 0 L2C misses;
    0 nanoseconds spent executing 0 flushes (flushing a total of 0 entities and 0 collections);
    14505 nanoseconds spent executing 1 partial-flushes (flushing a total of 0 entities and 0 collections)
}
</system-out>
  </testcase>
  <testcase classname="cn.vport.training.DaoTest" name="saveClass" time="0.037"/>
  <testcase classname="cn.vport.training.DaoTest" name="saveCourse" time="0.01"/>
</testsuite>